<?xml version="1.0" encoding="UTF-8" ?>
<testsuite failures="0" time="4.378" errors="0" skipped="0" tests="4" name="org.pt.sports.SportsApp.test.MemberDaoTest">
  <properties>
[...]
</properties>
  <testcase time="4.045" classname="org.pt.sports.SportsApp.test.MemberDaoTest" name="testFindById"/>
  <testcase time="0.23" classname="org.pt.sports.SportsApp.test.MemberDaoTest" name="testFindByEmail"/>
  <testcase time="0.082" classname="org.pt.sports.SportsApp.test.MemberDaoTest" name="testRegister"/>
  <testcase time="0.021" classname="org.pt.sports.SportsApp.test.MemberDaoTest" name="testFindAllOrderedByName"/>
</testsuite>